<?xml version="1.0" encoding="UTF-8"?>
<!-- Generated by org.testng.reporters.JUnitReportReporter -->
<testsuite hostname="NODE2103" failures="0" tests="1" name="Project.E_Commerce.LoginPage" time="26.789" errors="0" timestamp="2022-06-03T21:16:39 IST" skipped="0">
  <testcase classname="Project.E_Commerce.LoginPage" name="getLoginForm" time="26.789"/>
  <system-out/>
</testsuite> <!-- Project.E_Commerce.LoginPage -->
